[debug] [2023-05-31T07:25:47.327Z] ----------------------------------------------------------------------
[debug] [2023-05-31T07:25:47.336Z] Command:       C:\Program Files\nodejs\node.exe C:\Users\ADEJUMO\AppData\Roaming\npm\node_modules\firebase-tools\lib\bin\firebase.js init
[debug] [2023-05-31T07:25:47.339Z] CLI Version:   12.2.1
[debug] [2023-05-31T07:25:47.340Z] Platform:      win32
[debug] [2023-05-31T07:25:47.341Z] Node Version:  v16.13.1
[debug] [2023-05-31T07:25:47.406Z] Time:          Wed May 31 2023 08:25:47 GMT+0100 (West Africa Standard Time)
[debug] [2023-05-31T07:25:47.407Z] ----------------------------------------------------------------------
[debug] 
[debug] [2023-05-31T07:25:47.818Z] > command requires scopes: ["email","openid","https://www.googleapis.com/auth/cloudplatformprojects.readonly","https://www.googleapis.com/auth/firebase","https://www.googleapis.com/auth/cloud-platform"]
[debug] [2023-05-31T07:25:47.820Z] > authorizing via signed-in user (ibraheemdamilare009@gmail.com)
[info] 
     ######## #### ########  ######## ########     ###     ######  ########
     ##        ##  ##     ## ##       ##     ##  ##   ##  ##       ##
     ######    ##  ########  ######   ########  #########  ######  ######
     ##        ##  ##    ##  ##       ##     ## ##     ##       ## ##
     ##       #### ##     ## ######## ########  ##     ##  ######  ########

You're about to initialize a Firebase project in this directory:

  C:\Users\ADEJUMO\Desktop\ShillingProject\bmg

Before we get started, keep in mind:

  * You are initializing within an existing Firebase project directory

[info] 
=== Project Setup
[info] 
[info] First, let's associate this project directory with a Firebase project.
[info] You can create multiple project aliases by running firebase use --add, 
[info] but for now we'll just set up a default project.
[info] 
[debug] [2023-05-31T07:26:00.739Z] Using project from CLI flag: billionairewebsitejobs
[debug] [2023-05-31T07:26:00.749Z] > refreshing access token with scopes: []
[debug] [2023-05-31T07:26:00.778Z] >>> [apiv2][query] POST https://www.googleapis.com/oauth2/v3/token [none]
[debug] [2023-05-31T07:26:00.780Z] >>> [apiv2][body] POST https://www.googleapis.com/oauth2/v3/token [omitted]
[debug] [2023-05-31T07:26:01.655Z] <<< [apiv2][status] POST https://www.googleapis.com/oauth2/v3/token 200
[debug] [2023-05-31T07:26:01.657Z] <<< [apiv2][body] POST https://www.googleapis.com/oauth2/v3/token [omitted]
[debug] [2023-05-31T07:26:01.874Z] >>> [apiv2][query] GET https://firebase.googleapis.com/v1beta1/projects/billionairewebsitejobs [none]
[debug] [2023-05-31T07:26:22.932Z] Failed to make request to https://firebase.googleapis.com/v1beta1/projects/billionairewebsitejobs
[debug] [2023-05-31T07:26:23.742Z] FirebaseError: Failed to make request to https://firebase.googleapis.com/v1beta1/projects/billionairewebsitejobs
    at RetryOperation._fn (C:\Users\ADEJUMO\AppData\Roaming\npm\node_modules\firebase-tools\lib\apiv2.js:242:31)
    at processTicksAndRejections (node:internal/process/task_queues:96:5)
[error] 
[error] Error: Failed to get Firebase project billionairewebsitejobs. Please make sure the project exists and your account has permission to access it.
